2025-11-28 19:18:51,247 - INFO - ==================================================
2025-11-28 19:18:51,247 - INFO - STARTING PROCESS FOR EXPERIMENT: BiLSTM_PhoNER_COVID19
2025-11-28 19:18:51,247 - INFO - Log file location: ./results/seq_labeling\BiLSTM_PhoNER_COVID19_training.log
2025-11-28 19:18:51,248 - INFO - Loading configuration from: E:\DS201.Q11\DS201\Lab_3\config\BiLSTM_PhoNER_syllable.yml
2025-11-28 19:18:51,250 - INFO - 
Running Experiment: BiLSTM_PhoNER_COVID19
2025-11-28 19:18:51,250 - INFO - Model: BiLSTM, Dataset: phoner_syllable
2025-11-28 19:18:51,251 - INFO - Hyperparameters: {'epochs': 50, 'early_stop_patience': 20, 'lr': 0.003, 'weight_decay': 1e-05, 'batch_size': 64, 'optimizer': 'Adam', 'step_size': 30, 'gamma': 0.1, 'optimizer_params': {}}
2025-11-28 19:18:51,271 - INFO - Using device: cuda
2025-11-28 19:18:51,731 - INFO - Loading dataset: phoner_syllable
2025-11-28 19:18:51,894 - INFO - Train: 5027, Val: 2000, Test: 3000
2025-11-28 19:18:51,900 - INFO - Sample sentence size: torch.Size([64]), Number of classes: 21
2025-11-28 19:18:52,079 - INFO - 
[INFO] Class Distribution (Train Data):
+-----------------------+---------+
| Label                 |   Count |
+=======================+=========+
| O                     |  132949 |
+-----------------------+---------+
| B-PATIENT_ID          |   13426 |
+-----------------------+---------+
| I-LOCATION            |   12536 |
+-----------------------+---------+
| B-DATE                |    7519 |
+-----------------------+---------+
| B-LOCATION            |    5727 |
+-----------------------+---------+
| I-ORGANIZATION        |    4952 |
+-----------------------+---------+
| I-DATE                |    2540 |
+-----------------------+---------+
| I-SYMPTOM_AND_DISEASE |    2308 |
+-----------------------+---------+
| B-AGE                 |    1869 |
+-----------------------+---------+
| B-SYMPTOM_AND_DISEASE |    1445 |
+-----------------------+---------+
| B-NAME                |    1232 |
+-----------------------+---------+
| B-ORGANIZATION        |    1140 |
+-----------------------+---------+
| B-TRANSPORTATION      |     673 |
+-----------------------+---------+
| B-GENDER              |     544 |
+-----------------------+---------+
| I-JOB                 |     318 |
+-----------------------+---------+
| I-TRANSPORTATION      |     223 |
+-----------------------+---------+
| B-JOB                 |     205 |
+-----------------------+---------+
| I-NAME                |      86 |
+-----------------------+---------+
| I-PATIENT_ID          |      27 |
+-----------------------+---------+
| I-GENDER              |      14 |
+-----------------------+---------+
| I-AGE                 |       2 |
+-----------------------+---------+
2025-11-28 19:18:52,080 - INFO - Using optimizer: Adam with LR=0.003, WeightDecay=1e-05
2025-11-28 19:18:53,619 - INFO - START TRAINING BiLSTM_PhoNER_COVID19...
2025-11-28 19:18:53,619 - INFO - No checkpoint found at checkpoints/BiLSTM_PhoNER_COVID19/BiLSTM_PhoNER_COVID19_last_checkpoint.pth
2025-11-28 19:19:01,181 - INFO - 
|   Epoch |   Train Loss |   Train Acc |   Train Precision |   Train Recall |   Train F1 |   Val Loss |   Val Acc |   Val Precision |   Val Recall |   Val F1 |
|---------|--------------|-------------|-------------------|----------------|------------|------------|-----------|-----------------|--------------|----------|
|       0 |       1.0686 |      0.4201 |            0.1081 |         0.1296 |      0.105 |     0.5188 |    0.5185 |          0.2555 |       0.3176 |   0.2758 |
2025-11-28 19:19:01,182 - INFO - 
[INFO]: Saving best model at epoch 0 to: checkpoints/BiLSTM_PhoNER_COVID19/BiLSTM_PhoNER_COVID19_best_model.pth
2025-11-28 19:19:08,577 - INFO - 
|   Epoch |   Train Loss |   Train Acc |   Train Precision |   Train Recall |   Train F1 |   Val Loss |   Val Acc |   Val Precision |   Val Recall |   Val F1 |
|---------|--------------|-------------|-------------------|----------------|------------|------------|-----------|-----------------|--------------|----------|
|       1 |       0.2553 |      0.5311 |            0.5307 |         0.5365 |     0.5107 |     0.2125 |    0.5686 |          0.5672 |        0.581 |   0.5663 |
2025-11-28 19:19:08,578 - INFO - 
[INFO]: Saving best model at epoch 1 to: checkpoints/BiLSTM_PhoNER_COVID19/BiLSTM_PhoNER_COVID19_best_model.pth
2025-11-28 19:19:15,890 - INFO - 
|   Epoch |   Train Loss |   Train Acc |   Train Precision |   Train Recall |   Train F1 |   Val Loss |   Val Acc |   Val Precision |   Val Recall |   Val F1 |
|---------|--------------|-------------|-------------------|----------------|------------|------------|-----------|-----------------|--------------|----------|
|       2 |       0.1203 |      0.5514 |            0.6807 |         0.7073 |     0.6809 |     0.1588 |    0.5766 |          0.6317 |       0.6211 |   0.6008 |
2025-11-28 19:19:15,891 - INFO - 
[INFO]: Saving best model at epoch 2 to: checkpoints/BiLSTM_PhoNER_COVID19/BiLSTM_PhoNER_COVID19_best_model.pth
2025-11-28 19:19:23,312 - INFO - 
|   Epoch |   Train Loss |   Train Acc |   Train Precision |   Train Recall |   Train F1 |   Val Loss |   Val Acc |   Val Precision |   Val Recall |   Val F1 |
|---------|--------------|-------------|-------------------|----------------|------------|------------|-----------|-----------------|--------------|----------|
|       3 |       0.0829 |      0.5566 |            0.7347 |         0.7537 |     0.7275 |     0.1362 |    0.5801 |           0.691 |       0.6609 |   0.6595 |
2025-11-28 19:19:23,313 - INFO - 
[INFO]: Saving best model at epoch 3 to: checkpoints/BiLSTM_PhoNER_COVID19/BiLSTM_PhoNER_COVID19_best_model.pth
2025-11-28 19:19:30,571 - INFO - 
|   Epoch |   Train Loss |   Train Acc |   Train Precision |   Train Recall |   Train F1 |   Val Loss |   Val Acc |   Val Precision |   Val Recall |   Val F1 |
|---------|--------------|-------------|-------------------|----------------|------------|------------|-----------|-----------------|--------------|----------|
|       4 |       0.0654 |      0.5594 |            0.7712 |         0.7878 |     0.7638 |     0.1384 |    0.5814 |          0.7459 |       0.7028 |   0.7065 |
2025-11-28 19:19:30,572 - INFO - 
[INFO]: Saving best model at epoch 4 to: checkpoints/BiLSTM_PhoNER_COVID19/BiLSTM_PhoNER_COVID19_best_model.pth
2025-11-28 19:19:37,973 - INFO - 
|   Epoch |   Train Loss |   Train Acc |   Train Precision |   Train Recall |   Train F1 |   Val Loss |   Val Acc |   Val Precision |   Val Recall |   Val F1 |
|---------|--------------|-------------|-------------------|----------------|------------|------------|-----------|-----------------|--------------|----------|
|       5 |        0.056 |      0.5609 |            0.7947 |         0.8081 |     0.7853 |     0.1496 |    0.5805 |          0.7163 |       0.7245 |   0.7084 |
2025-11-28 19:19:37,974 - INFO - 
[INFO]: Saving best model at epoch 5 to: checkpoints/BiLSTM_PhoNER_COVID19/BiLSTM_PhoNER_COVID19_best_model.pth
2025-11-28 19:19:45,322 - INFO - 
|   Epoch |   Train Loss |   Train Acc |   Train Precision |   Train Recall |   Train F1 |   Val Loss |   Val Acc |   Val Precision |   Val Recall |   Val F1 |
|---------|--------------|-------------|-------------------|----------------|------------|------------|-----------|-----------------|--------------|----------|
|       6 |       0.0546 |      0.5609 |            0.8077 |         0.8248 |     0.8017 |     0.1461 |     0.581 |           0.738 |       0.7395 |   0.7279 |
2025-11-28 19:19:45,322 - INFO - 
[INFO]: Saving best model at epoch 6 to: checkpoints/BiLSTM_PhoNER_COVID19/BiLSTM_PhoNER_COVID19_best_model.pth
2025-11-28 19:19:52,582 - INFO - 
|   Epoch |   Train Loss |   Train Acc |   Train Precision |   Train Recall |   Train F1 |   Val Loss |   Val Acc |   Val Precision |   Val Recall |   Val F1 |
|---------|--------------|-------------|-------------------|----------------|------------|------------|-----------|-----------------|--------------|----------|
|       7 |       0.0495 |      0.5614 |            0.8282 |         0.8473 |     0.8251 |     0.1426 |     0.581 |          0.7413 |       0.7296 |   0.7257 |
2025-11-28 19:20:00,072 - INFO - 
|   Epoch |   Train Loss |   Train Acc |   Train Precision |   Train Recall |   Train F1 |   Val Loss |   Val Acc |   Val Precision |   Val Recall |   Val F1 |
|---------|--------------|-------------|-------------------|----------------|------------|------------|-----------|-----------------|--------------|----------|
|       8 |       0.0411 |      0.5632 |            0.8371 |         0.8603 |     0.8378 |     0.1411 |    0.5827 |          0.7762 |       0.7665 |   0.7554 |
2025-11-28 19:20:00,073 - INFO - 
[INFO]: Saving best model at epoch 8 to: checkpoints/BiLSTM_PhoNER_COVID19/BiLSTM_PhoNER_COVID19_best_model.pth
2025-11-28 19:20:07,022 - INFO - 
|   Epoch |   Train Loss |   Train Acc |   Train Precision |   Train Recall |   Train F1 |   Val Loss |   Val Acc |   Val Precision |   Val Recall |   Val F1 |
|---------|--------------|-------------|-------------------|----------------|------------|------------|-----------|-----------------|--------------|----------|
|       9 |       0.0346 |      0.5645 |            0.8401 |         0.8683 |     0.8446 |     0.1703 |    0.5807 |           0.799 |       0.7692 |   0.7744 |
2025-11-28 19:20:07,024 - INFO - 
[INFO]: Saving best model at epoch 9 to: checkpoints/BiLSTM_PhoNER_COVID19/BiLSTM_PhoNER_COVID19_best_model.pth
2025-11-28 19:20:13,739 - INFO - 
|   Epoch |   Train Loss |   Train Acc |   Train Precision |   Train Recall |   Train F1 |   Val Loss |   Val Acc |   Val Precision |   Val Recall |   Val F1 |
|---------|--------------|-------------|-------------------|----------------|------------|------------|-----------|-----------------|--------------|----------|
|      10 |       0.0379 |      0.5639 |            0.8461 |         0.8741 |       0.85 |     0.1527 |     0.582 |           0.732 |        0.748 |   0.7307 |
2025-11-28 19:20:20,337 - INFO - 
|   Epoch |   Train Loss |   Train Acc |   Train Precision |   Train Recall |   Train F1 |   Val Loss |   Val Acc |   Val Precision |   Val Recall |   Val F1 |
|---------|--------------|-------------|-------------------|----------------|------------|------------|-----------|-----------------|--------------|----------|
|      11 |       0.0369 |       0.564 |            0.8392 |         0.8622 |     0.8394 |     0.1485 |     0.583 |          0.7587 |       0.7753 |   0.7577 |
2025-11-28 19:20:26,788 - INFO - 
|   Epoch |   Train Loss |   Train Acc |   Train Precision |   Train Recall |   Train F1 |   Val Loss |   Val Acc |   Val Precision |   Val Recall |   Val F1 |
|---------|--------------|-------------|-------------------|----------------|------------|------------|-----------|-----------------|--------------|----------|
|      12 |        0.038 |      0.5643 |            0.8542 |          0.882 |     0.8592 |     0.1552 |    0.5837 |          0.7685 |       0.7658 |   0.7584 |
2025-11-28 19:20:33,272 - INFO - 
|   Epoch |   Train Loss |   Train Acc |   Train Precision |   Train Recall |   Train F1 |   Val Loss |   Val Acc |   Val Precision |   Val Recall |   Val F1 |
|---------|--------------|-------------|-------------------|----------------|------------|------------|-----------|-----------------|--------------|----------|
|      13 |       0.0313 |      0.5651 |            0.8542 |         0.8836 |     0.8598 |     0.1524 |    0.5833 |          0.7844 |       0.7804 |   0.7746 |
2025-11-28 19:20:33,273 - INFO - 
[INFO]: Saving best model at epoch 13 to: checkpoints/BiLSTM_PhoNER_COVID19/BiLSTM_PhoNER_COVID19_best_model.pth
2025-11-28 19:20:39,817 - INFO - 
|   Epoch |   Train Loss |   Train Acc |   Train Precision |   Train Recall |   Train F1 |   Val Loss |   Val Acc |   Val Precision |   Val Recall |   Val F1 |
|---------|--------------|-------------|-------------------|----------------|------------|------------|-----------|-----------------|--------------|----------|
|      14 |       0.0285 |      0.5649 |            0.8606 |          0.889 |     0.8669 |     0.1633 |    0.5832 |          0.7584 |       0.7479 |   0.7442 |
2025-11-28 19:20:46,292 - INFO - 
|   Epoch |   Train Loss |   Train Acc |   Train Precision |   Train Recall |   Train F1 |   Val Loss |   Val Acc |   Val Precision |   Val Recall |   Val F1 |
|---------|--------------|-------------|-------------------|----------------|------------|------------|-----------|-----------------|--------------|----------|
|      15 |       0.0359 |      0.5642 |            0.8507 |         0.8786 |     0.8552 |      0.202 |    0.5785 |          0.7899 |        0.684 |   0.7113 |
2025-11-28 19:20:52,874 - INFO - 
|   Epoch |   Train Loss |   Train Acc |   Train Precision |   Train Recall |   Train F1 |   Val Loss |   Val Acc |   Val Precision |   Val Recall |   Val F1 |
|---------|--------------|-------------|-------------------|----------------|------------|------------|-----------|-----------------|--------------|----------|
|      16 |       0.0391 |      0.5636 |            0.8455 |           0.87 |     0.8472 |     0.1648 |    0.5818 |          0.7841 |       0.7728 |   0.7649 |
2025-11-28 19:20:59,361 - INFO - 
|   Epoch |   Train Loss |   Train Acc |   Train Precision |   Train Recall |   Train F1 |   Val Loss |   Val Acc |   Val Precision |   Val Recall |   Val F1 |
|---------|--------------|-------------|-------------------|----------------|------------|------------|-----------|-----------------|--------------|----------|
|      17 |       0.0318 |       0.565 |            0.8479 |         0.8797 |     0.8546 |     0.1575 |    0.5836 |          0.7829 |       0.7666 |   0.7611 |
2025-11-28 19:21:06,021 - INFO - 
|   Epoch |   Train Loss |   Train Acc |   Train Precision |   Train Recall |   Train F1 |   Val Loss |   Val Acc |   Val Precision |   Val Recall |   Val F1 |
|---------|--------------|-------------|-------------------|----------------|------------|------------|-----------|-----------------|--------------|----------|
|      18 |       0.0268 |      0.5664 |            0.8677 |         0.8925 |     0.8716 |     0.1855 |    0.5818 |          0.8126 |        0.762 |   0.7726 |
2025-11-28 19:21:12,550 - INFO - 
|   Epoch |   Train Loss |   Train Acc |   Train Precision |   Train Recall |   Train F1 |   Val Loss |   Val Acc |   Val Precision |   Val Recall |   Val F1 |
|---------|--------------|-------------|-------------------|----------------|------------|------------|-----------|-----------------|--------------|----------|
|      19 |       0.0267 |      0.5657 |            0.8529 |          0.882 |     0.8591 |     0.2098 |    0.5805 |          0.8089 |        0.747 |   0.7637 |
2025-11-28 19:21:19,074 - INFO - 
|   Epoch |   Train Loss |   Train Acc |   Train Precision |   Train Recall |   Train F1 |   Val Loss |   Val Acc |   Val Precision |   Val Recall |   Val F1 |
|---------|--------------|-------------|-------------------|----------------|------------|------------|-----------|-----------------|--------------|----------|
|      20 |       0.0316 |       0.565 |            0.8612 |          0.886 |      0.865 |     0.1654 |    0.5813 |          0.8101 |       0.7671 |   0.7741 |
2025-11-28 19:21:25,586 - INFO - 
|   Epoch |   Train Loss |   Train Acc |   Train Precision |   Train Recall |   Train F1 |   Val Loss |   Val Acc |   Val Precision |   Val Recall |   Val F1 |
|---------|--------------|-------------|-------------------|----------------|------------|------------|-----------|-----------------|--------------|----------|
|      21 |       0.0286 |      0.5659 |            0.8699 |            0.9 |     0.8769 |     0.1718 |    0.5836 |          0.7658 |       0.7654 |   0.7545 |
2025-11-28 19:21:32,432 - INFO - 
|   Epoch |   Train Loss |   Train Acc |   Train Precision |   Train Recall |   Train F1 |   Val Loss |   Val Acc |   Val Precision |   Val Recall |   Val F1 |
|---------|--------------|-------------|-------------------|----------------|------------|------------|-----------|-----------------|--------------|----------|
|      22 |        0.021 |      0.5663 |            0.8681 |         0.8956 |     0.8736 |     0.1765 |    0.5827 |          0.7686 |       0.7694 |   0.7617 |
2025-11-28 19:21:41,521 - INFO - 
|   Epoch |   Train Loss |   Train Acc |   Train Precision |   Train Recall |   Train F1 |   Val Loss |   Val Acc |   Val Precision |   Val Recall |   Val F1 |
|---------|--------------|-------------|-------------------|----------------|------------|------------|-----------|-----------------|--------------|----------|
|      23 |       0.0195 |      0.5668 |            0.8806 |         0.9072 |     0.8865 |     0.1789 |    0.5818 |          0.7956 |       0.7822 |   0.7784 |
2025-11-28 19:21:41,522 - INFO - 
[INFO]: Saving best model at epoch 23 to: checkpoints/BiLSTM_PhoNER_COVID19/BiLSTM_PhoNER_COVID19_best_model.pth
2025-11-28 19:21:48,655 - INFO - 
|   Epoch |   Train Loss |   Train Acc |   Train Precision |   Train Recall |   Train F1 |   Val Loss |   Val Acc |   Val Precision |   Val Recall |   Val F1 |
|---------|--------------|-------------|-------------------|----------------|------------|------------|-----------|-----------------|--------------|----------|
|      24 |       0.0203 |      0.5668 |            0.8764 |         0.9043 |     0.8826 |     0.1688 |     0.582 |           0.759 |       0.7711 |   0.7577 |
2025-11-28 19:21:55,950 - INFO - 
|   Epoch |   Train Loss |   Train Acc |   Train Precision |   Train Recall |   Train F1 |   Val Loss |   Val Acc |   Val Precision |   Val Recall |   Val F1 |
|---------|--------------|-------------|-------------------|----------------|------------|------------|-----------|-----------------|--------------|----------|
|      25 |       0.0326 |      0.5646 |            0.8484 |         0.8744 |     0.8495 |      0.189 |    0.5809 |          0.7857 |       0.7349 |   0.7409 |
2025-11-28 19:22:02,874 - INFO - 
|   Epoch |   Train Loss |   Train Acc |   Train Precision |   Train Recall |   Train F1 |   Val Loss |   Val Acc |   Val Precision |   Val Recall |   Val F1 |
|---------|--------------|-------------|-------------------|----------------|------------|------------|-----------|-----------------|--------------|----------|
|      26 |       0.0271 |      0.5653 |            0.8654 |         0.8966 |      0.872 |     0.1873 |    0.5831 |          0.8304 |       0.7634 |   0.7823 |
2025-11-28 19:22:02,875 - INFO - 
[INFO]: Saving best model at epoch 26 to: checkpoints/BiLSTM_PhoNER_COVID19/BiLSTM_PhoNER_COVID19_best_model.pth
2025-11-28 19:22:09,957 - INFO - 
|   Epoch |   Train Loss |   Train Acc |   Train Precision |   Train Recall |   Train F1 |   Val Loss |   Val Acc |   Val Precision |   Val Recall |   Val F1 |
|---------|--------------|-------------|-------------------|----------------|------------|------------|-----------|-----------------|--------------|----------|
|      27 |       0.0255 |      0.5656 |            0.8608 |         0.8897 |     0.8667 |     0.1668 |    0.5838 |          0.7873 |       0.8045 |   0.7879 |
2025-11-28 19:22:09,958 - INFO - 
[INFO]: Saving best model at epoch 27 to: checkpoints/BiLSTM_PhoNER_COVID19/BiLSTM_PhoNER_COVID19_best_model.pth
2025-11-28 19:22:17,275 - INFO - 
|   Epoch |   Train Loss |   Train Acc |   Train Precision |   Train Recall |   Train F1 |   Val Loss |   Val Acc |   Val Precision |   Val Recall |   Val F1 |
|---------|--------------|-------------|-------------------|----------------|------------|------------|-----------|-----------------|--------------|----------|
|      28 |       0.0199 |      0.5666 |            0.8661 |         0.8936 |     0.8723 |     0.1394 |    0.5843 |          0.7657 |       0.7539 |   0.7527 |
2025-11-28 19:22:24,237 - INFO - 
|   Epoch |   Train Loss |   Train Acc |   Train Precision |   Train Recall |   Train F1 |   Val Loss |   Val Acc |   Val Precision |   Val Recall |   Val F1 |
|---------|--------------|-------------|-------------------|----------------|------------|------------|-----------|-----------------|--------------|----------|
|      29 |       0.0226 |      0.5659 |            0.8703 |         0.9039 |     0.8791 |     0.1743 |    0.5828 |          0.7991 |       0.7612 |   0.7693 |
2025-11-28 19:22:31,014 - INFO - 
|   Epoch |   Train Loss |   Train Acc |   Train Precision |   Train Recall |   Train F1 |   Val Loss |   Val Acc |   Val Precision |   Val Recall |   Val F1 |
|---------|--------------|-------------|-------------------|----------------|------------|------------|-----------|-----------------|--------------|----------|
|      30 |       0.0158 |      0.5673 |            0.8827 |         0.9139 |     0.8914 |     0.1801 |    0.5835 |          0.7916 |       0.7648 |   0.7674 |
2025-11-28 19:22:38,107 - INFO - 
|   Epoch |   Train Loss |   Train Acc |   Train Precision |   Train Recall |   Train F1 |   Val Loss |   Val Acc |   Val Precision |   Val Recall |   Val F1 |
|---------|--------------|-------------|-------------------|----------------|------------|------------|-----------|-----------------|--------------|----------|
|      31 |       0.0105 |      0.5679 |            0.8896 |         0.9168 |     0.8968 |     0.1864 |     0.584 |           0.789 |       0.7684 |   0.7696 |
2025-11-28 19:22:44,881 - INFO - 
|   Epoch |   Train Loss |   Train Acc |   Train Precision |   Train Recall |   Train F1 |   Val Loss |   Val Acc |   Val Precision |   Val Recall |   Val F1 |
|---------|--------------|-------------|-------------------|----------------|------------|------------|-----------|-----------------|--------------|----------|
|      32 |       0.0088 |      0.5687 |            0.8996 |         0.9277 |     0.9075 |      0.189 |    0.5843 |          0.7897 |       0.7681 |   0.7697 |
2025-11-28 19:22:51,744 - INFO - 
|   Epoch |   Train Loss |   Train Acc |   Train Precision |   Train Recall |   Train F1 |   Val Loss |   Val Acc |   Val Precision |   Val Recall |   Val F1 |
|---------|--------------|-------------|-------------------|----------------|------------|------------|-----------|-----------------|--------------|----------|
|      33 |        0.008 |      0.5684 |            0.8976 |         0.9255 |     0.9058 |     0.1986 |     0.584 |          0.7908 |       0.7706 |   0.7719 |
2025-11-28 19:22:58,436 - INFO - 
|   Epoch |   Train Loss |   Train Acc |   Train Precision |   Train Recall |   Train F1 |   Val Loss |   Val Acc |   Val Precision |   Val Recall |   Val F1 |
|---------|--------------|-------------|-------------------|----------------|------------|------------|-----------|-----------------|--------------|----------|
|      34 |       0.0076 |      0.5684 |            0.8997 |         0.9274 |     0.9074 |     0.2005 |     0.584 |          0.7898 |       0.7682 |   0.7699 |
2025-11-28 19:23:05,211 - INFO - 
|   Epoch |   Train Loss |   Train Acc |   Train Precision |   Train Recall |   Train F1 |   Val Loss |   Val Acc |   Val Precision |   Val Recall |   Val F1 |
|---------|--------------|-------------|-------------------|----------------|------------|------------|-----------|-----------------|--------------|----------|
|      35 |       0.0068 |      0.5683 |            0.8982 |         0.9277 |     0.9073 |     0.2049 |     0.584 |          0.7884 |       0.7648 |   0.7668 |
2025-11-28 19:23:12,159 - INFO - 
|   Epoch |   Train Loss |   Train Acc |   Train Precision |   Train Recall |   Train F1 |   Val Loss |   Val Acc |   Val Precision |   Val Recall |   Val F1 |
|---------|--------------|-------------|-------------------|----------------|------------|------------|-----------|-----------------|--------------|----------|
|      36 |       0.0063 |      0.5687 |             0.904 |         0.9342 |     0.9134 |     0.2091 |    0.5839 |          0.7825 |       0.7633 |   0.7616 |
2025-11-28 19:23:19,488 - INFO - 
|   Epoch |   Train Loss |   Train Acc |   Train Precision |   Train Recall |   Train F1 |   Val Loss |   Val Acc |   Val Precision |   Val Recall |   Val F1 |
|---------|--------------|-------------|-------------------|----------------|------------|------------|-----------|-----------------|--------------|----------|
|      37 |       0.0062 |      0.5691 |            0.9043 |         0.9344 |     0.9138 |     0.2133 |    0.5838 |          0.7839 |       0.7612 |    0.761 |
2025-11-28 19:23:26,413 - INFO - 
|   Epoch |   Train Loss |   Train Acc |   Train Precision |   Train Recall |   Train F1 |   Val Loss |   Val Acc |   Val Precision |   Val Recall |   Val F1 |
|---------|--------------|-------------|-------------------|----------------|------------|------------|-----------|-----------------|--------------|----------|
|      38 |       0.0063 |      0.5689 |            0.9014 |         0.9311 |     0.9102 |     0.2108 |    0.5839 |          0.7884 |       0.7626 |   0.7656 |
2025-11-28 19:23:33,324 - INFO - 
|   Epoch |   Train Loss |   Train Acc |   Train Precision |   Train Recall |   Train F1 |   Val Loss |   Val Acc |   Val Precision |   Val Recall |   Val F1 |
|---------|--------------|-------------|-------------------|----------------|------------|------------|-----------|-----------------|--------------|----------|
|      39 |       0.0059 |      0.5686 |            0.9027 |         0.9317 |     0.9116 |     0.2125 |     0.584 |          0.7871 |        0.765 |   0.7664 |
2025-11-28 19:23:40,298 - INFO - 
|   Epoch |   Train Loss |   Train Acc |   Train Precision |   Train Recall |   Train F1 |   Val Loss |   Val Acc |   Val Precision |   Val Recall |   Val F1 |
|---------|--------------|-------------|-------------------|----------------|------------|------------|-----------|-----------------|--------------|----------|
|      40 |       0.0058 |      0.5686 |            0.9042 |         0.9334 |     0.9134 |     0.2198 |     0.584 |          0.7904 |       0.7614 |   0.7655 |
2025-11-28 19:23:47,363 - INFO - 
|   Epoch |   Train Loss |   Train Acc |   Train Precision |   Train Recall |   Train F1 |   Val Loss |   Val Acc |   Val Precision |   Val Recall |   Val F1 |
|---------|--------------|-------------|-------------------|----------------|------------|------------|-----------|-----------------|--------------|----------|
|      41 |       0.0054 |      0.5686 |            0.9042 |         0.9332 |      0.913 |     0.2248 |    0.5838 |          0.7899 |       0.7669 |   0.7691 |
2025-11-28 19:23:54,231 - INFO - 
|   Epoch |   Train Loss |   Train Acc |   Train Precision |   Train Recall |   Train F1 |   Val Loss |   Val Acc |   Val Precision |   Val Recall |   Val F1 |
|---------|--------------|-------------|-------------------|----------------|------------|------------|-----------|-----------------|--------------|----------|
|      42 |       0.0052 |      0.5688 |            0.9002 |           0.93 |     0.9095 |     0.2209 |    0.5839 |          0.7889 |       0.7626 |   0.7654 |
2025-11-28 19:24:01,326 - INFO - 
|   Epoch |   Train Loss |   Train Acc |   Train Precision |   Train Recall |   Train F1 |   Val Loss |   Val Acc |   Val Precision |   Val Recall |   Val F1 |
|---------|--------------|-------------|-------------------|----------------|------------|------------|-----------|-----------------|--------------|----------|
|      43 |        0.005 |      0.5692 |            0.9047 |         0.9344 |      0.914 |     0.2258 |     0.584 |          0.7916 |       0.7612 |   0.7659 |
2025-11-28 19:24:08,322 - INFO - 
|   Epoch |   Train Loss |   Train Acc |   Train Precision |   Train Recall |   Train F1 |   Val Loss |   Val Acc |   Val Precision |   Val Recall |   Val F1 |
|---------|--------------|-------------|-------------------|----------------|------------|------------|-----------|-----------------|--------------|----------|
|      44 |       0.0049 |      0.5688 |            0.9059 |         0.9354 |      0.915 |     0.2245 |    0.5841 |           0.792 |       0.7598 |   0.7649 |
2025-11-28 19:24:15,105 - INFO - 
|   Epoch |   Train Loss |   Train Acc |   Train Precision |   Train Recall |   Train F1 |   Val Loss |   Val Acc |   Val Precision |   Val Recall |   Val F1 |
|---------|--------------|-------------|-------------------|----------------|------------|------------|-----------|-----------------|--------------|----------|
|      45 |       0.0048 |      0.5691 |            0.9059 |          0.935 |     0.9145 |     0.2299 |    0.5839 |          0.7923 |        0.757 |   0.7633 |
2025-11-28 19:24:22,139 - INFO - 
|   Epoch |   Train Loss |   Train Acc |   Train Precision |   Train Recall |   Train F1 |   Val Loss |   Val Acc |   Val Precision |   Val Recall |   Val F1 |
|---------|--------------|-------------|-------------------|----------------|------------|------------|-----------|-----------------|--------------|----------|
|      46 |        0.005 |      0.5692 |            0.9066 |         0.9352 |     0.9155 |      0.226 |     0.584 |          0.7905 |       0.7655 |   0.7684 |
2025-11-28 19:24:29,113 - INFO - 
|   Epoch |   Train Loss |   Train Acc |   Train Precision |   Train Recall |   Train F1 |   Val Loss |   Val Acc |   Val Precision |   Val Recall |   Val F1 |
|---------|--------------|-------------|-------------------|----------------|------------|------------|-----------|-----------------|--------------|----------|
|      47 |       0.0048 |      0.5691 |            0.9037 |         0.9346 |     0.9135 |     0.2279 |     0.584 |          0.7909 |       0.7663 |    0.769 |
2025-11-28 19:24:29,113 - INFO - TRIGGERED EARLY STOP AT 47! (Val F1 not improved for 20 epochs)
2025-11-28 19:24:29,114 - INFO - 
Best result based on F1 on validation set:
2025-11-28 19:24:29,114 - INFO - Best epoch: 27, Best Val_Loss: 0.1668, Val_F1: 0.7879
2025-11-28 19:24:29,114 - INFO - DONE TRAINING BiLSTM_PhoNER_COVID19. Ran for 48 epochs.
2025-11-28 19:24:29,114 - INFO - 
[INFO] Starting final evaluation on the (unseen) test set...
2025-11-28 19:24:29,115 - INFO - Loading best model from checkpoints/BiLSTM_PhoNER_COVID19/BiLSTM_PhoNER_COVID19_best_model.pth for final test evaluation...
2025-11-28 19:24:29,160 - INFO - [INFO] Loaded best model from checkpoints/BiLSTM_PhoNER_COVID19/BiLSTM_PhoNER_COVID19_best_model.pth for evaluation.
2025-11-28 19:24:29,160 - INFO - [INFO] Best model loaded successfully.
2025-11-28 19:24:30,472 - INFO - [INFO] Test evaluation completed successfully.
2025-11-28 19:24:30,473 - INFO - [INFO] Test Set Results: Loss: 0.2084, Acc: 0.9632, Precision: 0.7940, Recall: 0.7434, F1: 0.7559
2025-11-28 19:24:30,473 - INFO - 
Classification report for final (unseen) test set:
2025-11-28 19:24:30,473 - INFO - 
              precision    recall  f1-score   support

           0       0.95      0.97      0.96      1478
           1       0.99      0.99      0.99      4665
           2       0.91      0.96      0.93       427
           3       0.67      0.68      0.68       173
           4       0.95      0.91      0.93      4551
           5       0.94      0.95      0.95      1063
           6       0.81      0.84      0.82       753
           7       0.98      0.99      0.98      7696
           8       0.86      0.84      0.85      1114
           9       0.93      0.95      0.94       634
          10       0.00      0.00      0.00         6
          11       0.98      0.98      0.98      1701
          12       0.00      0.00      0.00         1
          13       0.69      0.62      0.65       337
          14       0.96      0.91      0.93     10400
          15       0.86      0.46      0.60        82
          16       0.86      0.86      0.86      3693
          17       0.89      0.23      0.37       107
          18       0.90      0.76      0.82      2153
          19       0.58      0.69      0.63       226
          20       0.98      0.99      0.98     75981

    accuracy                           0.96    117241
   macro avg       0.79      0.74      0.76    117241
weighted avg       0.96      0.96      0.96    117241

2025-11-28 19:24:30,473 - INFO - Plotting training/validation results for BiLSTM_PhoNER_COVID19.
2025-11-28 19:24:34,890 - INFO - 
Experiment BiLSTM_PhoNER_COVID19 finished successfully!
